	FAIL: Clang :: AST/Interp/complex.cpp
	FAIL: Clang :: AST/Interp/intap.cpp
	FAIL: Clang :: ASTMerge/codegen-body/test.c
	FAIL: Clang :: CXX/module/module.import/p7.cpp
	FAIL: Clang :: CXX/temp/temp.param/p7.cpp
	FAIL: Clang :: ClangScanDeps/P1689.cppm
	FAIL: Clang :: ClangScanDeps/headerwithdirname.cpp
	FAIL: Clang :: ClangScanDeps/headerwithdirnamefollowedbyinclude.cpp
	FAIL: Clang :: ClangScanDeps/module-format.c
	FAIL: Clang :: ClangScanDeps/modules-full-output-tu-order.c
	FAIL: Clang :: ClangScanDeps/modules-priv-fw-from-pub.m
	FAIL: Clang :: ClangScanDeps/pr61006.cppm
	FAIL: Clang :: CodeGen/KVX/builtins/invalid_fence.c
	FAIL: Clang :: CodeGen/KVX/builtins/kv3v2_invalid_mods.c
	FAIL: Clang :: CodeGen/KVX/builtins/notConstStringMod.c
	FAIL: Clang :: CodeGen/KVX/builtins/wrong-matrix-transpose-mod.c
	FAIL: Clang :: CodeGen/KVX/loadc-kv3-2.c
	FAIL: Clang :: CodeGen/KVX/loadc.c
	FAIL: Clang :: CodeGen/KVX/rna-modifier.c
	FAIL: Clang :: CodeGen/KVX/rnz-modifier.c
	FAIL: Clang :: CodeGen/KVX/ro-modifier.c
	FAIL: Clang :: CodeGen/KVX/store.c
	FAIL: Clang :: CodeGen/KVX/storec-kv3-2.c
	FAIL: Clang :: CodeGen/KVX/storec.c
	FAIL: Clang :: CodeGen/KVX/wrong-average-mod.c
	FAIL: Clang :: CodeGen/KVX/wrong-bitcount-mod.c
	FAIL: Clang :: CodeGen/KVX/wrong-loadc-kv3-2.c
	FAIL: Clang :: CodeGen/KVX/wrong-loadc.c
	FAIL: Clang :: CodeGen/KVX/wrong-speculate-mod.c
	FAIL: Clang :: CodeGen/KVX/wrong-storec-kv3-2.c
	FAIL: Clang :: CodeGen/KVX/wrong-storec.c
	FAIL: Clang :: CodeGen/thinlto_backend.ll
	FAIL: Clang :: CodeGenObjC/debug-info-property.m
	FAIL: Clang :: CodeGenObjC/debug-info-property2.m
	FAIL: Clang :: CodeGenObjC/debug-info-property4.m
	FAIL: Clang :: CodeGenObjC/property-dbg.m
	FAIL: Clang :: Driver/check-time-trace-ParseDeclarationOrFunctionDefinition.cpp
	FAIL: Clang :: Driver/disable-llvm.c
	FAIL: Clang :: Driver/flang/flang.f90
	FAIL: Clang :: Driver/flang/flang_ucase.F90
	FAIL: Clang :: Driver/modules.mm
	FAIL: Clang :: Frontend/rewrite-includes-macros.cpp
	FAIL: Clang :: Misc/pragma-attribute-supported-attributes-list.test
	FAIL: Clang :: Modules/odr_hash.cpp
	FAIL: Clang :: PCH/gch-probe.c
	FAIL: Clang :: Sema/builtin-classify-type.c
	FAIL: Clang :: Sema/generic-selection-type-extension.c
	FAIL: Clang :: SemaCXX/builtin-classify-type.cpp
	FAIL: Clang :: SemaCXX/kvx-tca-types.cpp
	FAIL: Clang Tools :: clang-tidy/checkers/bugprone/inc-dec-in-conditions-bitint-no-crash.c
	FAIL: Clang Tools :: clang-tidy/checkers/readability/bitint-no-crash.c
	FAIL: LLVM :: CodeGen/Generic/APIntParam.ll
	FAIL: LLVM :: CodeGen/Generic/APIntSextParam.ll
	FAIL: LLVM :: CodeGen/Generic/APIntZextParam.ll
	FAIL: LLVM :: CodeGen/KVX/Asm/tca-O0.ll
	FAIL: LLVM :: CodeGen/KVX/Atomics/ld-st.ll
	FAIL: LLVM :: CodeGen/KVX/Atomics/operations.ll
	FAIL: LLVM :: CodeGen/KVX/Bugfix/T15272.ll
	FAIL: LLVM :: CodeGen/KVX/Bugfix/jfdctint.ll
	FAIL: LLVM :: CodeGen/KVX/Bugfix/loadstore-T12917.ll
	FAIL: LLVM :: CodeGen/KVX/Builtins/vector-shift.ll
	FAIL: LLVM :: CodeGen/KVX/Bundling/vliw-packetizer-debug.ll
	FAIL: LLVM :: CodeGen/KVX/Debug/CFI/cb.ll
	FAIL: LLVM :: CodeGen/KVX/Debug/CFI/cfi.ll
	FAIL: LLVM :: CodeGen/KVX/Debug/CFI/csr.ll
	FAIL: LLVM :: CodeGen/KVX/Debug/CFI/emit-cfi.ll
	FAIL: LLVM :: CodeGen/KVX/Debug/CFI/order.ll
	FAIL: LLVM :: CodeGen/KVX/Debug/CFI/tail-call3-dbg.ll
	FAIL: LLVM :: CodeGen/KVX/Debug/dwarf.ll
	FAIL: LLVM :: CodeGen/KVX/Extracts/loadons.ll
	FAIL: LLVM :: CodeGen/KVX/Extracts/newbh.ll
	FAIL: LLVM :: CodeGen/KVX/Extracts/tco-burg.ll
	FAIL: LLVM :: CodeGen/KVX/IfConvert/liferange.ll
	FAIL: LLVM :: CodeGen/KVX/PIC/AvailableExternallyLinkage.ll
	FAIL: LLVM :: CodeGen/KVX/PIC/external-weak-linkage.ll
	FAIL: LLVM :: CodeGen/KVX/PIC/fPIC.ll
	FAIL: LLVM :: CodeGen/KVX/PIC/jumptable.ll
	FAIL: LLVM :: CodeGen/KVX/Selection/compnbo.ll
	FAIL: LLVM :: CodeGen/KVX/Selection/v16f16-instructions.ll
	FAIL: LLVM :: CodeGen/KVX/Selection/v16i8-instructions.ll
	FAIL: LLVM :: CodeGen/KVX/Selection/v2i8-instructions.ll
	FAIL: LLVM :: CodeGen/KVX/Selection/v4i8-instructions.ll
	FAIL: LLVM :: CodeGen/KVX/Selection/v8i32-instructions.ll
	FAIL: LLVM :: CodeGen/KVX/Selection/v8i8-instructions.ll
	FAIL: LLVM :: CodeGen/KVX/Selection/vector-256bit-arithmetics.ll
	FAIL: LLVM :: CodeGen/KVX/Selection/vector_select.ll
	FAIL: LLVM :: CodeGen/KVX/Stackframe/anonymous-arguments.ll
	FAIL: LLVM :: CodeGen/KVX/Stackframe/stack-realign.ll
	FAIL: LLVM :: CodeGen/KVX/Stackframe/stackcheck.ll
	FAIL: LLVM :: CodeGen/KVX/Tailcalls/tail-call2.ll
	FAIL: LLVM :: CodeGen/KVX/copro-regs.ll
	FAIL: LLVM :: CodeGen/X86/avx-cvt-2.ll
	FAIL: LLVM :: CodeGen/X86/avx512-cvt.ll
	FAIL: LLVM :: CodeGen/X86/min-legal-vector-width.ll
	FAIL: LLVM :: CodeGen/X86/vec-strict-fptoint-128-fp16.ll
	FAIL: LLVM :: CodeGen/X86/vec-strict-fptoint-128.ll
	FAIL: LLVM :: CodeGen/X86/vec-strict-fptoint-256-fp16.ll
	FAIL: LLVM :: CodeGen/X86/vec-strict-fptoint-256.ll
	FAIL: LLVM :: CodeGen/X86/vec-strict-fptoint-512-fp16.ll
	FAIL: LLVM :: CodeGen/X86/vec-strict-fptoint-512.ll
	FAIL: LLVM :: CodeGen/X86/vec_cast2.ll
	FAIL: LLVM :: CodeGen/X86/vec_fp_to_int.ll
	FAIL: LLVM :: Transforms/InstCombine/reduction-add-sext-zext-i1.ll
	FAIL: LLVM :: Transforms/InstCombine/reduction-and-sext-zext-i1.ll
	FAIL: LLVM :: Transforms/InstCombine/reduction-mul-sext-zext-i1.ll
	FAIL: LLVM :: Transforms/InstCombine/reduction-or-sext-zext-i1.ll
	FAIL: LLVM :: Transforms/InstCombine/reduction-smax-sext-zext-i1.ll
	FAIL: LLVM :: Transforms/InstCombine/reduction-smin-sext-zext-i1.ll
	FAIL: LLVM :: Transforms/InstCombine/reduction-umax-sext-zext-i1.ll
	FAIL: LLVM :: Transforms/InstCombine/reduction-umin-sext-zext-i1.ll
	FAIL: LLVM :: Transforms/InstCombine/reduction-xor-sext-zext-i1.ll
	FAIL: LLVM :: Transforms/LoopIdiom/KVX/popcnt.ll
	FAIL: LLVM :: Transforms/LoopVectorize/reduction-inloop.ll
	FAIL: LLVM :: Transforms/PhaseOrdering/X86/vector-reductions-logical.ll
	FAIL: LLVM :: Transforms/SLPVectorizer/KVX/zext-trunc-bug.ll
	XPASS: Clang :: CodeGen/2007-06-18-SextAttrAggregate.c
Failures:  116
